This file contains any messages produced by compilers while
running configure, to aid debugging if configure makes a mistake.

It was created by speech configure 0.0.0, which was
generated by GNU Autoconf 2.65.  Invocation command line was

  $ ./configure 

## --------- ##
## Platform. ##
## --------- ##

hostname = sean
uname -m = x86_64
uname -r = 3.2.0-4-amd64
uname -s = Linux
uname -v = #1 SMP Debian 3.2.60-1+deb7u3

/usr/bin/uname -p = unknown
/bin/uname -X     = unknown

/bin/arch              = unknown
/usr/bin/arch -k       = unknown
/usr/convex/getsysinfo = unknown
/usr/bin/hostinfo      = unknown
/bin/machine           = unknown
/usr/bin/oslevel       = unknown
/bin/universe          = unknown

PATH: /home/carlo/bin
PATH: /usr/local/bin
PATH: /bin
PATH: /usr/bin
PATH: /sbin
PATH: /usr/sbin
PATH: /usr/local/X11R6/bin
PATH: /usr/X11R6/bin
PATH: /usr/local/share/prototype/scripts
PATH: /usr/games


## ----------- ##
## Core tests. ##
## ----------- ##

configure:2445: checking for a BSD-compatible install
configure:2513: result: /usr/bin/install -c
configure:2524: checking whether build environment is sane
configure:2574: result: yes
configure:2715: checking for a thread-safe mkdir -p
configure:2754: result: /bin/mkdir -p
configure:2767: checking for gawk
configure:2783: found /usr/bin/gawk
configure:2794: result: gawk
configure:2805: checking whether make sets $(MAKE)
configure:2827: result: yes
configure:2909: checking whether to enable maintainer-specific portions of Makefiles
configure:2918: result: no
configure:2949: checking for dot
configure:2967: found /usr/bin/dot
configure:2979: result: /usr/bin/dot
configure:3047: checking for gcc
configure:3074: result: gcc
configure:3303: checking for C compiler version
configure:3312: gcc --version >&5
gcc (Debian 4.7.2-5) 4.7.2
Copyright (C) 2012 Free Software Foundation, Inc.
This is free software; see the source for copying conditions.  There is NO
warranty; not even for MERCHANTABILITY or FITNESS FOR A PARTICULAR PURPOSE.

configure:3323: $? = 0
configure:3312: gcc -v >&5
Using built-in specs.
COLLECT_GCC=gcc
COLLECT_LTO_WRAPPER=/usr/lib/gcc/x86_64-linux-gnu/4.7/lto-wrapper
Target: x86_64-linux-gnu
Configured with: ../src/configure -v --with-pkgversion='Debian 4.7.2-5' --with-bugurl=file:///usr/share/doc/gcc-4.7/README.Bugs --enable-languages=c,c++,go,fortran,objc,obj-c++ --prefix=/usr --program-suffix=-4.7 --enable-shared --enable-linker-build-id --with-system-zlib --libexecdir=/usr/lib --without-included-gettext --enable-threads=posix --with-gxx-include-dir=/usr/include/c++/4.7 --libdir=/usr/lib --enable-nls --with-sysroot=/ --enable-clocale=gnu --enable-libstdcxx-debug --enable-libstdcxx-time=yes --enable-gnu-unique-object --enable-plugin --enable-objc-gc --with-arch-32=i586 --with-tune=generic --enable-checking=release --build=x86_64-linux-gnu --host=x86_64-linux-gnu --target=x86_64-linux-gnu
Thread model: posix
gcc version 4.7.2 (Debian 4.7.2-5) 
configure:3323: $? = 0
configure:3312: gcc -V >&5
gcc: error: unrecognized command line option '-V'
gcc: fatal error: no input files
compilation terminated.
configure:3323: $? = 4
configure:3312: gcc -qversion >&5
gcc: error: unrecognized command line option '-qversion'
gcc: fatal error: no input files
compilation terminated.
configure:3323: $? = 4
configure:3343: checking whether the C compiler works
configure:3365: gcc    conftest.c  >&5
configure:3369: $? = 0
configure:3418: result: yes
configure:3421: checking for C compiler default output file name
configure:3423: result: a.out
configure:3429: checking for suffix of executables
configure:3436: gcc -o conftest    conftest.c  >&5
configure:3440: $? = 0
configure:3462: result: 
configure:3484: checking whether we are cross compiling
configure:3492: gcc -o conftest    conftest.c  >&5
configure:3496: $? = 0
configure:3503: ./conftest
configure:3507: $? = 0
configure:3522: result: no
configure:3527: checking for suffix of object files
configure:3549: gcc -c   conftest.c >&5
configure:3553: $? = 0
configure:3574: result: o
configure:3578: checking whether we are using the GNU C compiler
configure:3597: gcc -c   conftest.c >&5
configure:3597: $? = 0
configure:3606: result: yes
configure:3615: checking whether gcc accepts -g
configure:3635: gcc -c -g  conftest.c >&5
configure:3635: $? = 0
configure:3676: result: yes
configure:3693: checking for gcc option to accept ISO C89
configure:3757: gcc  -c   conftest.c >&5
configure:3757: $? = 0
configure:3770: result: none needed
configure:3801: checking for style of include used by make
configure:3829: result: GNU
configure:3854: checking dependency style of gcc
configure:3964: result: pch
configure:4091: checking for C++ compiler version
configure:4100: g++ --version >&5
g++ (Debian 4.7.2-5) 4.7.2
Copyright (C) 2012 Free Software Foundation, Inc.
This is free software; see the source for copying conditions.  There is NO
warranty; not even for MERCHANTABILITY or FITNESS FOR A PARTICULAR PURPOSE.

configure:4111: $? = 0
configure:4100: g++ -v >&5
Using built-in specs.
COLLECT_GCC=g++
COLLECT_LTO_WRAPPER=/usr/lib/gcc/x86_64-linux-gnu/4.7/lto-wrapper
Target: x86_64-linux-gnu
Configured with: ../src/configure -v --with-pkgversion='Debian 4.7.2-5' --with-bugurl=file:///usr/share/doc/gcc-4.7/README.Bugs --enable-languages=c,c++,go,fortran,objc,obj-c++ --prefix=/usr --program-suffix=-4.7 --enable-shared --enable-linker-build-id --with-system-zlib --libexecdir=/usr/lib --without-included-gettext --enable-threads=posix --with-gxx-include-dir=/usr/include/c++/4.7 --libdir=/usr/lib --enable-nls --with-sysroot=/ --enable-clocale=gnu --enable-libstdcxx-debug --enable-libstdcxx-time=yes --enable-gnu-unique-object --enable-plugin --enable-objc-gc --with-arch-32=i586 --with-tune=generic --enable-checking=release --build=x86_64-linux-gnu --host=x86_64-linux-gnu --target=x86_64-linux-gnu
Thread model: posix
gcc version 4.7.2 (Debian 4.7.2-5) 
configure:4111: $? = 0
configure:4100: g++ -V >&5
g++: error: unrecognized command line option '-V'
g++: fatal error: no input files
compilation terminated.
configure:4111: $? = 4
configure:4100: g++ -qversion >&5
g++: error: unrecognized command line option '-qversion'
g++: fatal error: no input files
compilation terminated.
configure:4111: $? = 4
configure:4115: checking whether we are using the GNU C++ compiler
configure:4134: g++ -c   conftest.cpp >&5
configure:4134: $? = 0
configure:4143: result: yes
configure:4152: checking whether g++ accepts -g
configure:4172: g++ -c -g  conftest.cpp >&5
configure:4172: $? = 0
configure:4213: result: yes
configure:4238: checking dependency style of g++
configure:4348: result: pch
configure:4368: checking how to run the C++ preprocessor
configure:4434: result: /usr/bin/cpp -x c++
configure:4454: /usr/bin/cpp -x c++  conftest.cpp
configure:4454: $? = 0
configure:4468: /usr/bin/cpp -x c++  conftest.cpp
conftest.cpp:11:28: fatal error: ac_nonexistent.h: No such file or directory
compilation terminated.
configure:4468: $? = 1
configure: failed program was:
| /* confdefs.h */
| #define PACKAGE_NAME "speech"
| #define PACKAGE_TARNAME "speech"
| #define PACKAGE_VERSION "0.0.0"
| #define PACKAGE_STRING "speech 0.0.0"
| #define PACKAGE_BUGREPORT "carlo@alinoe.com"
| #define PACKAGE_URL ""
| #define PACKAGE "speech"
| #define VERSION "0.0.0"
| /* end confdefs.h.  */
| #include <ac_nonexistent.h>
configure:4501: checking build system type
configure:4515: result: x86_64-unknown-linux-gnu
configure:4535: checking host system type
configure:4548: result: x86_64-unknown-linux-gnu
configure:4575: checking how to run the C preprocessor
configure:4645: result: /usr/bin/cpp
configure:4665: /usr/bin/cpp  conftest.c
configure:4665: $? = 0
configure:4679: /usr/bin/cpp  conftest.c
conftest.c:11:28: fatal error: ac_nonexistent.h: No such file or directory
compilation terminated.
configure:4679: $? = 1
configure: failed program was:
| /* confdefs.h */
| #define PACKAGE_NAME "speech"
| #define PACKAGE_TARNAME "speech"
| #define PACKAGE_VERSION "0.0.0"
| #define PACKAGE_STRING "speech 0.0.0"
| #define PACKAGE_BUGREPORT "carlo@alinoe.com"
| #define PACKAGE_URL ""
| #define PACKAGE "speech"
| #define VERSION "0.0.0"
| /* end confdefs.h.  */
| #include <ac_nonexistent.h>
configure:4708: checking for grep that handles long lines and -e
configure:4766: result: /bin/grep
configure:4771: checking for egrep
configure:4833: result: /bin/grep -E
configure:5158: checking for compiler with PCH support
configure:5194: result: yes
configure:5261: checking for a sed that does not truncate output
configure:5325: result: /bin/sed
configure:5343: checking for fgrep
configure:5405: result: /bin/grep -F
configure:5440: checking for ld used by gcc
configure:5507: result: /usr/bin/ld
configure:5514: checking if the linker (/usr/bin/ld) is GNU ld
configure:5529: result: yes
configure:5541: checking for BSD- or MS-compatible name lister (nm)
configure:5590: result: /usr/bin/nm -B
configure:5708: checking the name lister (/usr/bin/nm -B) interface
configure:5715: gcc -c   conftest.c >&5
configure:5718: /usr/bin/nm -B "conftest.o"
configure:5721: output
0000000000000000 B some_variable
configure:5728: result: BSD nm
configure:5731: checking whether ln -s works
configure:5735: result: yes
configure:5743: checking the maximum length of command line arguments
configure:5863: result: 1572864
configure:5880: checking whether the shell understands some XSI constructs
configure:5890: result: yes
configure:5894: checking whether the shell understands "+="
configure:5900: result: yes
configure:5935: checking for /usr/bin/ld option to reload object files
configure:5942: result: -r
configure:6011: checking for objdump
configure:6027: found /usr/bin/objdump
configure:6038: result: objdump
configure:6070: checking how to recognize dependent libraries
configure:6266: result: pass_all
configure:6326: checking for ar
configure:6342: found /usr/bin/ar
configure:6353: result: ar
configure:6431: checking for strip
configure:6447: found /usr/bin/strip
configure:6458: result: strip
configure:6530: checking for ranlib
configure:6546: found /usr/bin/ranlib
configure:6557: result: ranlib
configure:6647: checking command to parse /usr/bin/nm -B output from gcc object
configure:6765: gcc -c   conftest.c >&5
configure:6768: $? = 0
configure:6772: /usr/bin/nm -B conftest.o \| sed -n -e 's/^.*[	 ]\([ABCDGIRSTW][ABCDGIRSTW]*\)[	 ][	 ]*\([_A-Za-z][_A-Za-z0-9]*\)$/\1 \2 \2/p' \> conftest.nm
configure:6775: $? = 0
configure:6829: gcc -o conftest    conftest.c conftstm.o >&5
configure:6832: $? = 0
configure:6870: result: ok
configure:6965: gcc -c   conftest.c >&5
configure:6968: $? = 0
configure:7673: checking for ANSI C header files
configure:7693: gcc -c   conftest.c >&5
configure:7693: $? = 0
configure:7766: gcc -o conftest    conftest.c  >&5
configure:7766: $? = 0
configure:7766: ./conftest
configure:7766: $? = 0
configure:7777: result: yes
configure:7790: checking for sys/types.h
configure:7790: gcc -c   conftest.c >&5
configure:7790: $? = 0
configure:7790: result: yes
configure:7790: checking for sys/stat.h
configure:7790: gcc -c   conftest.c >&5
configure:7790: $? = 0
configure:7790: result: yes
configure:7790: checking for stdlib.h
configure:7790: gcc -c   conftest.c >&5
configure:7790: $? = 0
configure:7790: result: yes
configure:7790: checking for string.h
configure:7790: gcc -c   conftest.c >&5
configure:7790: $? = 0
configure:7790: result: yes
configure:7790: checking for memory.h
configure:7790: gcc -c   conftest.c >&5
configure:7790: $? = 0
configure:7790: result: yes
configure:7790: checking for strings.h
configure:7790: gcc -c   conftest.c >&5
configure:7790: $? = 0
configure:7790: result: yes
configure:7790: checking for inttypes.h
configure:7790: gcc -c   conftest.c >&5
configure:7790: $? = 0
configure:7790: result: yes
configure:7790: checking for stdint.h
configure:7790: gcc -c   conftest.c >&5
configure:7790: $? = 0
configure:7790: result: yes
configure:7790: checking for unistd.h
configure:7790: gcc -c   conftest.c >&5
configure:7790: $? = 0
configure:7790: result: yes
configure:7805: checking for dlfcn.h
configure:7805: gcc -c   conftest.c >&5
configure:7805: $? = 0
configure:7805: result: yes
configure:7930: checking for C++ compiler version
configure:7939: g++ --version >&5
g++ (Debian 4.7.2-5) 4.7.2
Copyright (C) 2012 Free Software Foundation, Inc.
This is free software; see the source for copying conditions.  There is NO
warranty; not even for MERCHANTABILITY or FITNESS FOR A PARTICULAR PURPOSE.

configure:7950: $? = 0
configure:7939: g++ -v >&5
Using built-in specs.
COLLECT_GCC=g++
COLLECT_LTO_WRAPPER=/usr/lib/gcc/x86_64-linux-gnu/4.7/lto-wrapper
Target: x86_64-linux-gnu
Configured with: ../src/configure -v --with-pkgversion='Debian 4.7.2-5' --with-bugurl=file:///usr/share/doc/gcc-4.7/README.Bugs --enable-languages=c,c++,go,fortran,objc,obj-c++ --prefix=/usr --program-suffix=-4.7 --enable-shared --enable-linker-build-id --with-system-zlib --libexecdir=/usr/lib --without-included-gettext --enable-threads=posix --with-gxx-include-dir=/usr/include/c++/4.7 --libdir=/usr/lib --enable-nls --with-sysroot=/ --enable-clocale=gnu --enable-libstdcxx-debug --enable-libstdcxx-time=yes --enable-gnu-unique-object --enable-plugin --enable-objc-gc --with-arch-32=i586 --with-tune=generic --enable-checking=release --build=x86_64-linux-gnu --host=x86_64-linux-gnu --target=x86_64-linux-gnu
Thread model: posix
gcc version 4.7.2 (Debian 4.7.2-5) 
configure:7950: $? = 0
configure:7939: g++ -V >&5
g++: error: unrecognized command line option '-V'
g++: fatal error: no input files
compilation terminated.
configure:7950: $? = 4
configure:7939: g++ -qversion >&5
g++: error: unrecognized command line option '-qversion'
g++: fatal error: no input files
compilation terminated.
configure:7950: $? = 4
configure:7954: checking whether we are using the GNU C++ compiler
configure:7982: result: yes
configure:7991: checking whether g++ accepts -g
configure:8052: result: yes
configure:8077: checking dependency style of g++
configure:8187: result: pch
configure:8210: checking how to run the C++ preprocessor
configure:8276: result: /usr/bin/cpp -x c++
configure:8296: /usr/bin/cpp -x c++  conftest.cpp
configure:8296: $? = 0
configure:8310: /usr/bin/cpp -x c++  conftest.cpp
conftest.cpp:22:28: fatal error: ac_nonexistent.h: No such file or directory
compilation terminated.
configure:8310: $? = 1
configure: failed program was:
| /* confdefs.h */
| #define PACKAGE_NAME "speech"
| #define PACKAGE_TARNAME "speech"
| #define PACKAGE_VERSION "0.0.0"
| #define PACKAGE_STRING "speech 0.0.0"
| #define PACKAGE_BUGREPORT "carlo@alinoe.com"
| #define PACKAGE_URL ""
| #define PACKAGE "speech"
| #define VERSION "0.0.0"
| #define STDC_HEADERS 1
| #define HAVE_SYS_TYPES_H 1
| #define HAVE_SYS_STAT_H 1
| #define HAVE_STDLIB_H 1
| #define HAVE_STRING_H 1
| #define HAVE_MEMORY_H 1
| #define HAVE_STRINGS_H 1
| #define HAVE_INTTYPES_H 1
| #define HAVE_STDINT_H 1
| #define HAVE_UNISTD_H 1
| #define HAVE_DLFCN_H 1
| /* end confdefs.h.  */
| #include <ac_nonexistent.h>
configure:8515: checking for objdir
configure:8530: result: .libs
configure:8822: checking if gcc supports -fno-rtti -fno-exceptions
configure:8840: gcc -c   -fno-rtti -fno-exceptions conftest.c >&5
cc1: warning: command line option '-fno-rtti' is valid for C++/ObjC++ but not for C [enabled by default]
configure:8844: $? = 0
configure:8857: result: no
configure:8877: checking for gcc option to produce PIC
configure:9149: result: -fPIC -DPIC
configure:9161: checking if gcc PIC flag -fPIC -DPIC works
configure:9179: gcc -c   -fPIC -DPIC -DPIC conftest.c >&5
configure:9183: $? = 0
configure:9196: result: yes
configure:9220: checking if gcc static flag -static works
configure:9248: result: yes
configure:9263: checking if gcc supports -c -o file.o
configure:9284: gcc -c   -o out/conftest2.o conftest.c >&5
configure:9288: $? = 0
configure:9310: result: yes
configure:9318: checking if gcc supports -c -o file.o
configure:9365: result: yes
configure:9398: checking whether the gcc linker (/usr/bin/ld -m elf_x86_64) supports shared libraries
configure:10389: result: yes
configure:10426: checking whether -lc should be explicitly linked in
configure:10431: gcc -c   conftest.c >&5
configure:10434: $? = 0
configure:10449: gcc -shared conftest.o  -v -Wl,-soname -Wl,conftest -o conftest 2\>\&1 \| /bin/grep  -lc  \>/dev/null 2\>\&1
configure:10452: $? = 0
configure:10464: result: no
configure:10628: checking dynamic linker characteristics
configure:11061: gcc -o conftest    -Wl,-rpath -Wl,/foo conftest.c  >&5
configure:11061: $? = 0
configure:11291: result: GNU/Linux ld.so
configure:11393: checking how to hardcode library paths into programs
configure:11418: result: immediate
configure:11938: checking whether stripping libraries is possible
configure:11943: result: yes
configure:11978: checking if libtool supports shared libraries
configure:11980: result: yes
configure:11983: checking whether to build shared libraries
configure:12004: result: yes
configure:12007: checking whether to build static libraries
configure:12011: result: yes
configure:12161: checking for ld used by g++
configure:12228: result: /usr/bin/ld -m elf_x86_64
configure:12235: checking if the linker (/usr/bin/ld -m elf_x86_64) is GNU ld
configure:12250: result: yes
configure:12305: checking whether the g++ linker (/usr/bin/ld -m elf_x86_64) supports shared libraries
configure:13218: result: yes
configure:13246: g++ -c -O2  conftest.cpp >&5
configure:13249: $? = 0
configure:13431: checking for g++ option to produce PIC
configure:13748: result: -fPIC -DPIC
configure:13757: checking if g++ PIC flag -fPIC -DPIC works
configure:13775: g++ -c -O2  -fPIC -DPIC -DPIC conftest.cpp >&5
configure:13779: $? = 0
configure:13792: result: yes
configure:13813: checking if g++ static flag -static works
configure:13841: result: yes
configure:13853: checking if g++ supports -c -o file.o
configure:13874: g++ -c -O2  -o out/conftest2.o conftest.cpp >&5
configure:13878: $? = 0
configure:13900: result: yes
configure:13905: checking if g++ supports -c -o file.o
configure:13952: result: yes
configure:13982: checking whether the g++ linker (/usr/bin/ld -m elf_x86_64) supports shared libraries
configure:14011: result: yes
configure:14148: checking dynamic linker characteristics
configure:14529: g++ -o conftest -O2   -Wl,-rpath -Wl,/foo conftest.cpp  >&5
configure:14529: $? = 0
configure:14759: result: GNU/Linux ld.so
configure:14810: checking how to hardcode library paths into programs
configure:14835: result: immediate
configure:14898: checking if libgtkmm is available
configure:14932: g++ -o conftest -O2   conftest.cpp  -lgtkmm-2.4 -latkmm-1.6 -lgdkmm-2.4 -lgiomm-2.4 -lpangomm-1.4 -lgtk-x11-2.0 -lglibmm-2.4 -lcairomm-1.0 -lsigc-2.0 -lgdk-x11-2.0 -latk-1.0 -lgio-2.0 -lpangoft2-1.0 -lpangocairo-1.0 -lgdk_pixbuf-2.0 -lcairo -lpango-1.0 -lfontconfig -lgobject-2.0 -lglib-2.0 -lfreetype   >&5
configure:14932: $? = 0
configure:14947: result: yes
configure:14961: checking if libgstreamermm is available
configure:14995: g++ -o conftest -O2   conftest.cpp   >&5
/tmp/ccZSIDeY.o: In function `main':
conftest.cpp:(.text.startup+0x5): undefined reference to `Gst::init(int&, char**&)'
collect2: error: ld returned 1 exit status
configure:14995: $? = 1
configure: failed program was:
| /* confdefs.h */
| #define PACKAGE_NAME "speech"
| #define PACKAGE_TARNAME "speech"
| #define PACKAGE_VERSION "0.0.0"
| #define PACKAGE_STRING "speech 0.0.0"
| #define PACKAGE_BUGREPORT "carlo@alinoe.com"
| #define PACKAGE_URL ""
| #define PACKAGE "speech"
| #define VERSION "0.0.0"
| #define STDC_HEADERS 1
| #define HAVE_SYS_TYPES_H 1
| #define HAVE_SYS_STAT_H 1
| #define HAVE_STDLIB_H 1
| #define HAVE_STRING_H 1
| #define HAVE_MEMORY_H 1
| #define HAVE_STRINGS_H 1
| #define HAVE_INTTYPES_H 1
| #define HAVE_STDINT_H 1
| #define HAVE_UNISTD_H 1
| #define HAVE_DLFCN_H 1
| #define LT_OBJDIR ".libs/"
| /* end confdefs.h.  */
| 
| /* Override any GCC internal prototype to avoid an error.
|    Use char because int might match the return type of a GCC
|    builtin and then its argument prototype would still apply.  */
| #ifdef __cplusplus
| extern "C"
| #endif
| char _ZN3Gst4initERiRPPc ();
| int
| main ()
| {
| return _ZN3Gst4initERiRPPc ();
|   ;
|   return 0;
| }
configure:15010: result: no
configure:15016: error: 
Cannot find (a working) libgstreamermm.
Perhaps you need to add its location to PKG_CONFIG_PATH and LD_LIBRARY_PATH, for example:
PKG_CONFIG_PATH=/opt/install/lib/pkgconfig LD_LIBRARY_PATH=/opt/install/lib ./configure

## ---------------- ##
## Cache variables. ##
## ---------------- ##

ac_cv_build=x86_64-unknown-linux-gnu
ac_cv_c_compiler_gnu=yes
ac_cv_cxx_compiler_gnu=yes
ac_cv_env_CCC_set=
ac_cv_env_CCC_value=
ac_cv_env_CC_set=set
ac_cv_env_CC_value=gcc
ac_cv_env_CFLAGS_set=set
ac_cv_env_CFLAGS_value=
ac_cv_env_CPPFLAGS_set=set
ac_cv_env_CPPFLAGS_value=
ac_cv_env_CPP_set=set
ac_cv_env_CPP_value=/usr/bin/cpp
ac_cv_env_CXXCPP_set=set
ac_cv_env_CXXCPP_value='/usr/bin/cpp -x c++'
ac_cv_env_CXXFLAGS_set=set
ac_cv_env_CXXFLAGS_value=
ac_cv_env_CXX_set=set
ac_cv_env_CXX_value=g++
ac_cv_env_GST_CFLAGS_set=
ac_cv_env_GST_CFLAGS_value=
ac_cv_env_GST_LIBS_set=
ac_cv_env_GST_LIBS_value=
ac_cv_env_LDFLAGS_set=set
ac_cv_env_LDFLAGS_value=
ac_cv_env_LIBS_set=
ac_cv_env_LIBS_value=
ac_cv_env_PKG_CONFIG_set=
ac_cv_env_PKG_CONFIG_value=
ac_cv_env_build_alias_set=
ac_cv_env_build_alias_value=
ac_cv_env_host_alias_set=
ac_cv_env_host_alias_value=
ac_cv_env_target_alias_set=
ac_cv_env_target_alias_value=
ac_cv_header_dlfcn_h=yes
ac_cv_header_inttypes_h=yes
ac_cv_header_memory_h=yes
ac_cv_header_stdc=yes
ac_cv_header_stdint_h=yes
ac_cv_header_stdlib_h=yes
ac_cv_header_string_h=yes
ac_cv_header_strings_h=yes
ac_cv_header_sys_stat_h=yes
ac_cv_header_sys_types_h=yes
ac_cv_header_unistd_h=yes
ac_cv_host=x86_64-unknown-linux-gnu
ac_cv_objext=o
ac_cv_path_DOXYGEN_DOT=/usr/bin/dot
ac_cv_path_EGREP='/bin/grep -E'
ac_cv_path_FGREP='/bin/grep -F'
ac_cv_path_GREP=/bin/grep
ac_cv_path_SED=/bin/sed
ac_cv_path_install='/usr/bin/install -c'
ac_cv_path_mkdir=/bin/mkdir
ac_cv_prog_AWK=gawk
ac_cv_prog_CPP=/usr/bin/cpp
ac_cv_prog_CXXCPP='/usr/bin/cpp -x c++'
ac_cv_prog_ac_ct_AR=ar
ac_cv_prog_ac_ct_CC=gcc
ac_cv_prog_ac_ct_OBJDUMP=objdump
ac_cv_prog_ac_ct_RANLIB=ranlib
ac_cv_prog_ac_ct_STRIP=strip
ac_cv_prog_cc_c89=
ac_cv_prog_cc_g=yes
ac_cv_prog_cxx_g=yes
ac_cv_prog_make_make_set=yes
am_cv_CC_dependencies_compiler_type=pch
am_cv_CXX_dependencies_compiler_type=pch
cw_cv_lib_libgstreamermm=no
cw_cv_lib_libgtkmm=yes
cw_cv_prog_CXX_pch=yes
lt_cv_deplibs_check_method=pass_all
lt_cv_file_magic_cmd='$MAGIC_CMD'
lt_cv_file_magic_test_file=
lt_cv_ld_reload_flag=-r
lt_cv_nm_interface='BSD nm'
lt_cv_objdir=.libs
lt_cv_path_LD=/usr/bin/ld
lt_cv_path_LDCXX='/usr/bin/ld -m elf_x86_64'
lt_cv_path_NM='/usr/bin/nm -B'
lt_cv_prog_compiler_c_o=yes
lt_cv_prog_compiler_c_o_CXX=yes
lt_cv_prog_compiler_pic_works=yes
lt_cv_prog_compiler_pic_works_CXX=yes
lt_cv_prog_compiler_rtti_exceptions=no
lt_cv_prog_compiler_static_works=yes
lt_cv_prog_compiler_static_works_CXX=yes
lt_cv_prog_gnu_ld=yes
lt_cv_prog_gnu_ldcxx=yes
lt_cv_sys_global_symbol_pipe='sed -n -e '\''s/^.*[	 ]\([ABCDGIRSTW][ABCDGIRSTW]*\)[	 ][	 ]*\([_A-Za-z][_A-Za-z0-9]*\)$/\1 \2 \2/p'\'''
lt_cv_sys_global_symbol_to_c_name_address='sed -n -e '\''s/^: \([^ ]*\) $/  {\"\1\", (void *) 0},/p'\'' -e '\''s/^[ABCDGIRSTW]* \([^ ]*\) \([^ ]*\)$/  {"\2", (void *) \&\2},/p'\'''
lt_cv_sys_global_symbol_to_c_name_address_lib_prefix='sed -n -e '\''s/^: \([^ ]*\) $/  {\"\1\", (void *) 0},/p'\'' -e '\''s/^[ABCDGIRSTW]* \([^ ]*\) \(lib[^ ]*\)$/  {"\2", (void *) \&\2},/p'\'' -e '\''s/^[ABCDGIRSTW]* \([^ ]*\) \([^ ]*\)$/  {"lib\2", (void *) \&\2},/p'\'''
lt_cv_sys_global_symbol_to_cdecl='sed -n -e '\''s/^T .* \(.*\)$/extern int \1();/p'\'' -e '\''s/^[ABCDGIRSTW]* .* \(.*\)$/extern char \1;/p'\'''
lt_cv_sys_max_cmd_len=1572864

## ----------------- ##
## Output variables. ##
## ----------------- ##

ACLOCAL='${SHELL} /home/carlo/projects/speech/speech/missing --run aclocal-1.11'
ACLOCAL_CWFLAGS='-I /usr/share/cwautomacros/m4'
AMDEPBACKSLASH='\'
AMDEP_FALSE='#'
AMDEP_TRUE=''
AMTAR='${SHELL} /home/carlo/projects/speech/speech/missing --run tar'
AR='ar'
AUTOCONF='${SHELL} /home/carlo/projects/speech/speech/missing --run autoconf'
AUTOHEADER='${SHELL} /home/carlo/projects/speech/speech/missing --run autoheader'
AUTOMAKE='${SHELL} /home/carlo/projects/speech/speech/missing --run automake-1.11'
AWK='gawk'
CC='gcc'
CCDEPMODE='depmode=pch'
CC_FINGER_PRINT=''
CFLAGS=''
CPP='/usr/bin/cpp'
CPPFLAGS=''
CWD_FLAGS=''
CWD_LIBS=''
CWD_R_FLAGS=''
CWD_R_LIBS=''
CW_DEBUG_FLAGS=''
CW_OPTIMISE_FLAGS='-O2'
CW_STRIPPED_CXXFLAGS=''
CW_WARNING_FLAGS=''
CXX='g++'
CXXCPP='/usr/bin/cpp -x c++'
CXXCPP_FINGER_PRINT=''
CXXDEPMODE='depmode=pch'
CXXFLAGS='-O2'
CXX_FINGER_PRINT=''
CYGPATH_W='echo'
DEFS='-DHAVE_CONFIG_H'
DEPDIR='.deps'
DOXYGEN_CWDEBUG=''
DOXYGEN_DEBUG=''
DOXYGEN_DOT='/usr/bin/dot'
DOXYGEN_STRIP_FROM_PATH='/home/carlo/projects/speech/speech'
DSYMUTIL=''
DUMPBIN=''
ECHO_C=''
ECHO_N='-n'
ECHO_T=''
EGREP='/bin/grep -E'
EXEEXT=''
FGREP='/bin/grep -F'
GREP='/bin/grep'
GSTREAMERMM_FLAGS=''
GSTREAMERMM_LIBS=''
GST_CFLAGS=''
GST_LIBS=''
GTKMM_FLAGS='-pthread -I/usr/include/giomm-2.4 -I/usr/lib/x86_64-linux-gnu/giomm-2.4/include -I/usr/include/gtk-2.0 -I/usr/include/gtk-unix-print-2.0 -I/usr/include/atk-1.0 -I/usr/include/glibmm-2.4 -I/usr/lib/x86_64-linux-gnu/glibmm-2.4/include -I/usr/include/glib-2.0 -I/usr/lib/x86_64-linux-gnu/glib-2.0/include -I/usr/include/sigc++-2.0 -I/usr/lib/x86_64-linux-gnu/sigc++-2.0/include -I/usr/include/pango-1.0 -I/usr/include/cairo -I/usr/include/pixman-1 -I/usr/include/freetype2 -I/usr/include/libpng12 -I/usr/include/libdrm -I/usr/lib/x86_64-linux-gnu/gtk-2.0/include -I/usr/include/gdk-pixbuf-2.0 -I/usr/include/gio-unix-2.0/ -I/usr/include/harfbuzz -I/usr/include/gtkmm-2.4 -I/usr/lib/gtkmm-2.4/include -I/usr/include/atkmm-1.6 -I/usr/include/pangomm-1.4 -I/usr/lib/pangomm-1.4/include -I/usr/include/gdkmm-2.4 -I/usr/lib/gdkmm-2.4/include -I/usr/include/cairomm-1.0 -I/usr/lib/cairomm-1.0/include  '
GTKMM_LIBS='-lgtkmm-2.4 -latkmm-1.6 -lgdkmm-2.4 -lgiomm-2.4 -lpangomm-1.4 -lgtk-x11-2.0 -lglibmm-2.4 -lcairomm-1.0 -lsigc-2.0 -lgdk-x11-2.0 -latk-1.0 -lgio-2.0 -lpangoft2-1.0 -lpangocairo-1.0 -lgdk_pixbuf-2.0 -lcairo -lpango-1.0 -lfontconfig -lgobject-2.0 -lglib-2.0 -lfreetype  '
HAVE_DOT='YES'
INSTALL_DATA='${INSTALL} -m 644'
INSTALL_PROGRAM='${INSTALL}'
INSTALL_SCRIPT='${INSTALL}'
INSTALL_STRIP_PROGRAM='$(install_sh) -c -s'
LD='/usr/bin/ld -m elf_x86_64'
LDFLAGS=''
LIBOBJS=''
LIBS=''
LIBTOOL='$(SHELL) $(top_builddir)/libtool'
LIPO=''
LN_S='ln -s'
LTLIBOBJS=''
MAINT='#'
MAINTAINER_MODE_FALSE=''
MAINTAINER_MODE_TRUE='#'
MAKEINFO='${SHELL} /home/carlo/projects/speech/speech/missing --run makeinfo'
MKDIR_P='/bin/mkdir -p'
Makefilein=''
NM='/usr/bin/nm -B'
NMEDIT=''
OBJDUMP='objdump'
OBJEXT='o'
OTOOL64=''
OTOOL=''
PACKAGE='speech'
PACKAGE_BUGREPORT='carlo@alinoe.com'
PACKAGE_NAME='speech'
PACKAGE_STRING='speech 0.0.0'
PACKAGE_TARNAME='speech'
PACKAGE_URL=''
PACKAGE_VERSION='0.0.0'
PATH_SEPARATOR=':'
PCCFLAGS=''
PCHFLAGS='-include pch.h'
PKG_CONFIG=''
RANLIB='ranlib'
SED='/bin/sed'
SET_MAKE=''
SHELL='/bin/bash'
STRIP='strip'
USE_LIBCWD='no'
USE_PCH_FALSE='#'
USE_PCH_TRUE=''
VERSION='0.0.0'
ac_ct_CC='gcc'
ac_ct_CXX=''
ac_ct_DUMPBIN=''
am__EXEEXT_FALSE=''
am__EXEEXT_TRUE=''
am__fastdepCC_FALSE=''
am__fastdepCC_TRUE='#'
am__fastdepCXX_FALSE=''
am__fastdepCXX_TRUE='#'
am__include='include'
am__isrc=''
am__leading_dot='.'
am__quote=''
am__tar='${AMTAR} chof - "$$tardir"'
am__untar='${AMTAR} xf -'
bindir='${exec_prefix}/bin'
build='x86_64-unknown-linux-gnu'
build_alias=''
build_cpu='x86_64'
build_os='linux-gnu'
build_vendor='unknown'
datadir='${datarootdir}'
datarootdir='${prefix}/share'
docdir='${datarootdir}/doc/${PACKAGE_TARNAME}'
dvidir='${docdir}'
exec_prefix='NONE'
host='x86_64-unknown-linux-gnu'
host_alias=''
host_cpu='x86_64'
host_os='linux-gnu'
host_vendor='unknown'
htmldir='${docdir}'
includedir='${prefix}/include'
infodir='${datarootdir}/info'
install_sh='${SHELL} /home/carlo/projects/speech/speech/install-sh'
libdir='${exec_prefix}/lib'
libexecdir='${exec_prefix}/libexec'
localedir='${datarootdir}/locale'
localstatedir='${prefix}/var'
lt_ECHO='echo'
mandir='${datarootdir}/man'
mkdir_p='/bin/mkdir -p'
oldincludedir='/usr/include'
pdfdir='${docdir}'
plugindir=''
prefix='NONE'
program_transform_name='s,x,x,'
psdir='${docdir}'
sbindir='${exec_prefix}/sbin'
sharedstatedir='${prefix}/com'
sysconfdir='${prefix}/etc'
target_alias=''

## ----------- ##
## confdefs.h. ##
## ----------- ##

/* confdefs.h */
#define PACKAGE_NAME "speech"
#define PACKAGE_TARNAME "speech"
#define PACKAGE_VERSION "0.0.0"
#define PACKAGE_STRING "speech 0.0.0"
#define PACKAGE_BUGREPORT "carlo@alinoe.com"
#define PACKAGE_URL ""
#define PACKAGE "speech"
#define VERSION "0.0.0"
#define STDC_HEADERS 1
#define HAVE_SYS_TYPES_H 1
#define HAVE_SYS_STAT_H 1
#define HAVE_STDLIB_H 1
#define HAVE_STRING_H 1
#define HAVE_MEMORY_H 1
#define HAVE_STRINGS_H 1
#define HAVE_INTTYPES_H 1
#define HAVE_STDINT_H 1
#define HAVE_UNISTD_H 1
#define HAVE_DLFCN_H 1
#define LT_OBJDIR ".libs/"

configure: exit 1
